1739876020.859446:          hermes.cli:     DEBUG | Running hermes with the following command line arguments: Namespace(subcommand='init', path=PosixPath('.'), config=PosixPath('hermes.toml'), options=[], template_branch='', command=<hermes.commands.init.base.HermesInitCommand object at 0x7d6e05b47f80>)
1739876020.859645:          hermes.cli:     DEBUG | Loading settings...
1739876020.859666:          hermes.cli:     DEBUG | Update settings from command line...
1739876020.859685:          hermes.cli:      INFO | Run subcommand init
1739876020.872401:         hermes.init:      INFO | Git project using GitHub detected.

1739876020.872507:         hermes.init:      INFO | Starting to initialize HERMES in /home/n.heeb/Desktop/zenodo-test ...
1739876020.872593:         hermes.init:      INFO | -- Step 1 of 7: Configure deposition platform and setup method --
1739876020.872673:         hermes.init:      INFO | Where do you want to publish the software?
1739876023.744111:         hermes.init:      INFO | You selected "Zenodo (Sandbox)".

1739876023.744344:         hermes.init:      INFO | How do you want to connect Zenodo (Sandbox) with your GitHub CI?
1739876026.720244:         hermes.init:      INFO | You selected "Automatically (using OAuth / Device Flow)".

1739876026.720619:         hermes.init:      INFO | -- Step 2 of 7: Configure HERMES behaviour --
1739876026.720759:         hermes.init:      INFO | When should the automated HERMES process start?
1739876027.688927:         hermes.init:      INFO | You selected "When I push the current branch main".

1739876028.568975:         hermes.init:      INFO | Which other folders / files of your root directory should be included in the Zenodo (Sandbox) upload?
1739876030.120365:         hermes.init:      INFO | You selected "All (non hidden) folders".

1739876030.120586:         hermes.init:      INFO | Your upload will consist of the following:
1739876030.120648:         hermes.init:      INFO | 	Unzipped:
1739876030.120852:         hermes.init:      INFO | 		README.md
1739876030.120998:         hermes.init:      INFO | 	Zipped:
1739876030.121071:         hermes.init:      INFO | 		src
1739876030.121141:         hermes.init:      INFO | -- Step 3 of 7: Create hermes.toml file --
1739876030.121678:         hermes.init:      INFO | `hermes.toml` was created.
1739876030.121792:         hermes.init:      INFO | -- Step 4 of 7: Create CITATION.cff file --
1739876030.121853:         hermes.init:      INFO | Your project already contains a `CITATION.cff` file. Nice!
1739876030.121901:         hermes.init:      INFO | -- Step 5 of 7: Create git CI files --
1739876030.129417:         hermes.init:      INFO | The `.gitignore` file already contains `.hermes/`
1739876030.378249:         hermes.init:      INFO | GitHub CI: File was created at .github/workflows/hermes_github.yml
1739876030.378446:         hermes.init:      INFO | -- Step 6 of 7: Connect with deposition platform --
1739876030.378545:         hermes.init:      INFO | Doing OAuth with Zenodo is currently not available.
1739876030.378707:         hermes.init:      INFO | Open this link (https://sandbox.zenodo.org/account/settings/applications/tokens/new/) and create an access token.
1739876030.378770:         hermes.init:      INFO | It needs the scopes "deposit:actions" and "deposit:write".
1739876047.419283:         hermes.init:      INFO | The token was validated by Zenodo (Sandbox).
1739876047.419425:         hermes.init:      INFO | -- Step 7 of 7: Connect with git project --
1739876047.419493:         hermes.init:      INFO | Using Device-Flow to authorize with GitHub
1739876047.599309:         hermes.init:      INFO | Open https://github.com/login/device and enter this code: 6544-3B62
1739876078.748298:         hermes.init:      INFO | OAuth at GitHub was successful.
1739876079.277657:         hermes.init:      INFO | Secret 'ZENODO_SANDBOX' created/updated successfully.
1739876079.552191:         hermes.init:      INFO | Project settings updated successfully.
1739876079.553611:         hermes.init:      INFO | 
HERMES is now initialized and ready to be used.

1741694940.822377:          hermes.cli:     DEBUG | Running hermes with the following command line arguments: Namespace(subcommand='harvest', path=PosixPath('.'), config=PosixPath('hermes.toml'), options=[], command=<hermes.commands.harvest.base.HermesHarvestCommand object at 0x7f6ca9218160>)
1741694940.822519:          hermes.cli:     DEBUG | Loading settings...
1741694940.823471:          hermes.cli:     DEBUG | Update settings from command line...
1741694940.823516:          hermes.cli:      INFO | Run subcommand harvest
1741694940.904122:           audit.cff:      INFO | - Found valid Citation File Format file at: CITATION.cff
1741694941.364493:          hermes.cli:     DEBUG | Running hermes with the following command line arguments: Namespace(subcommand='process', path=PosixPath('.'), config=PosixPath('hermes.toml'), options=[], command=<hermes.commands.process.base.HermesProcessCommand object at 0x7f8589d43ca0>)
1741694941.364638:          hermes.cli:     DEBUG | Loading settings...
1741694941.365602:          hermes.cli:     DEBUG | Update settings from command line...
1741694941.365649:          hermes.cli:      INFO | Run subcommand process
1741694941.365799:      hermes.process:      INFO | ## Process data from cff
1741694941.366590:   hermes.model.path:     DEBUG | @context: 'Key @type not in @context.'
1741694941.366835:   hermes.model.path:     DEBUG | @type: 'Key @type not in @type.'
1741694941.367156:   hermes.model.path:     DEBUG | Using type SoftwareSourceCode from author.
1741694941.367336:   hermes.model.path:     DEBUG | Using type SoftwareSourceCode from author[0].
1741694941.367526:   hermes.model.path:     DEBUG | Using type SoftwareSourceCode from author[0].@type.
1741694941.367839:   hermes.model.path:     DEBUG | Using type SoftwareSourceCode from author[0].familyName.
1741694941.368143:   hermes.model.path:     DEBUG | Using type SoftwareSourceCode from author[0].givenName.
1741694941.368464:   hermes.model.path:     DEBUG | Using type SoftwareSourceCode from author[0].email.
1741694941.368719:   hermes.model.path:     DEBUG | Using type SoftwareSourceCode from description.
1741694941.368934:   hermes.model.path:     DEBUG | Using type SoftwareSourceCode from keywords.
1741694941.369246:   hermes.model.path:     DEBUG | Using type SoftwareSourceCode from keywords[0].
1741694941.369509:   hermes.model.path:     DEBUG | Using type SoftwareSourceCode from license.
1741694941.369693:   hermes.model.path:     DEBUG | Using type SoftwareSourceCode from name.
1741694941.370074:   hermes.model.path:     DEBUG | Using type SoftwareSourceCode from @context.
1741694941.370245:   hermes.model.path:     DEBUG | Using type SoftwareSourceCode from @type.
1741694941.831922:          hermes.cli:     DEBUG | Running hermes with the following command line arguments: Namespace(subcommand='curate', path=PosixPath('.'), config=PosixPath('hermes.toml'), options=[], command=<hermes.commands.curate.base.HermesCurateCommand object at 0x7f7ec5653520>)
1741694941.832065:          hermes.cli:     DEBUG | Loading settings...
1741694941.833029:          hermes.cli:     DEBUG | Update settings from command line...
1741694941.833074:          hermes.cli:      INFO | Run subcommand curate
1741694941.833162:       hermes.curate:      INFO | # Metadata curation
1741695107.825928:          hermes.cli:     DEBUG | Running hermes with the following command line arguments: Namespace(subcommand='deposit', path=PosixPath('.'), config=PosixPath('hermes.toml'), options=[['invenio_rdm.auth_token', '96vbCWhpR9nrSEhzD3IwIBNyRwVLvTp3SVnWBsKonxs4lHuapPZoqXaRTS6s']], file=[['showcase.zip'], ['README.md']], initial=True, command=<hermes.commands.deposit.base.HermesDepositCommand object at 0x7f2bf6143370>)
1741695107.826123:          hermes.cli:     DEBUG | Loading settings...
1741695107.827156:          hermes.cli:     DEBUG | Update settings from command line...
1741695107.827242:          hermes.cli:      INFO | Run subcommand deposit
1741695107.827516:   hermes.model.path:     DEBUG | codemeta: 'Key @type not in codemeta.'
1741695107.828394:   hermes.model.path:     DEBUG | codemeta.identifier: 'Key @type not in codemeta.identifier.'
1741695107.828441:   hermes.model.path:     DEBUG | codemeta: 'Key @type not in codemeta.'
1741695107.828667:   hermes.model.path:     DEBUG | codemeta: 'Key @type not in codemeta.'
1741695107.828829:   hermes.model.path:     DEBUG | deposit: 'Key @type not in deposit.'
1741695107.829042:   hermes.model.path:     DEBUG | deposit.invenio_rdm: 'Key @type not in deposit.invenio_rdm.'
1741695107.829077:   hermes.model.path:     DEBUG | deposit: 'Key @type not in deposit.'
1741695107.829267:   hermes.model.path:     DEBUG | deposit.invenio_rdm.latestRecord: 'Key @type not in deposit.invenio_rdm.latestRecord.'
1741695107.829307:   hermes.model.path:     DEBUG | deposit.invenio_rdm: 'Key @type not in deposit.invenio_rdm.'
1741695107.829338:   hermes.model.path:     DEBUG | deposit: 'Key @type not in deposit.'
1741695107.829583:   hermes.model.path:     DEBUG | codemeta: 'Key @type not in codemeta.'
1741695110.128885:   hermes.model.path:     DEBUG | deposit.invenio_rdm.license: 'Key @type not in deposit.invenio_rdm.license.'
1741695110.128982:   hermes.model.path:     DEBUG | deposit.invenio_rdm: 'Key @type not in deposit.invenio_rdm.'
1741695110.129016:   hermes.model.path:     DEBUG | deposit: 'Key @type not in deposit.'
1741695110.129330:   hermes.model.path:     DEBUG | deposit.invenio_rdm.communities: 'Key @type not in deposit.invenio_rdm.communities.'
1741695110.129375:   hermes.model.path:     DEBUG | deposit.invenio_rdm: 'Key @type not in deposit.invenio_rdm.'
1741695110.129404:   hermes.model.path:     DEBUG | deposit: 'Key @type not in deposit.'
1741695110.129614:   hermes.model.path:     DEBUG | deposit.invenio_rdm.access_right: 'Key @type not in deposit.invenio_rdm.access_right.'
1741695110.129652:   hermes.model.path:     DEBUG | deposit.invenio_rdm: 'Key @type not in deposit.invenio_rdm.'
1741695110.129680:   hermes.model.path:     DEBUG | deposit: 'Key @type not in deposit.'
1741695110.129878:   hermes.model.path:     DEBUG | deposit.invenio_rdm.embargo_date: 'Key @type not in deposit.invenio_rdm.embargo_date.'
1741695110.129915:   hermes.model.path:     DEBUG | deposit.invenio_rdm: 'Key @type not in deposit.invenio_rdm.'
1741695110.129942:   hermes.model.path:     DEBUG | deposit: 'Key @type not in deposit.'
1741695110.130135:   hermes.model.path:     DEBUG | deposit.invenio_rdm.access_conditions: 'Key @type not in deposit.invenio_rdm.access_conditions.'
1741695110.130170:   hermes.model.path:     DEBUG | deposit.invenio_rdm: 'Key @type not in deposit.invenio_rdm.'
1741695110.130220:   hermes.model.path:     DEBUG | deposit: 'Key @type not in deposit.'
1741695110.130426:   hermes.model.path:     DEBUG | deposit.invenio_rdm: 'Key @type not in deposit.invenio_rdm.'
1741695110.130461:   hermes.model.path:     DEBUG | deposit: 'Key @type not in deposit.'
1741695110.130666:   hermes.model.path:     DEBUG | codemeta: 'Key @type not in codemeta.'
1741695110.130851:   hermes.model.path:     DEBUG | deposit.invenio_rdm.depositionMetadata: 'Key @type not in deposit.invenio_rdm.depositionMetadata.'
1741695110.130888:   hermes.model.path:     DEBUG | deposit.invenio_rdm: 'Key @type not in deposit.invenio_rdm.'
1741695110.130915:   hermes.model.path:     DEBUG | deposit: 'Key @type not in deposit.'
1741695112.864307:          hermes.cli:     DEBUG | Running hermes with the following command line arguments: Namespace(subcommand='postprocess', path=PosixPath('.'), config=PosixPath('hermes.toml'), options=[], command=<hermes.commands.postprocess.base.HermesPostprocessCommand object at 0x7f8b15856fe0>)
1741695112.864481:          hermes.cli:     DEBUG | Loading settings...
1741695112.865484:          hermes.cli:     DEBUG | Update settings from command line...
1741695112.865535:          hermes.cli:      INFO | Run subcommand postprocess
1741695629.774490:          hermes.cli:     DEBUG | Running hermes with the following command line arguments: Namespace(subcommand='harvest', path=PosixPath('.'), config=PosixPath('hermes.toml'), options=[], command=<hermes.commands.harvest.base.HermesHarvestCommand object at 0x7f3474a210f0>)
1741695629.774637:          hermes.cli:     DEBUG | Loading settings...
1741695629.775593:          hermes.cli:     DEBUG | Update settings from command line...
1741695629.775637:          hermes.cli:      INFO | Run subcommand harvest
1741695629.844056:           audit.cff:      INFO | - Found valid Citation File Format file at: CITATION.cff
1741695630.323770:          hermes.cli:     DEBUG | Running hermes with the following command line arguments: Namespace(subcommand='process', path=PosixPath('.'), config=PosixPath('hermes.toml'), options=[], command=<hermes.commands.process.base.HermesProcessCommand object at 0x7f957d63f3d0>)
1741695630.323931:          hermes.cli:     DEBUG | Loading settings...
1741695630.324924:          hermes.cli:     DEBUG | Update settings from command line...
1741695630.324970:          hermes.cli:      INFO | Run subcommand process
1741695630.325117:      hermes.process:      INFO | ## Process data from toml
1741695630.325902:   hermes.model.path:     DEBUG | name: 'Key @type not in name.'
1741695630.326164:   hermes.model.path:     DEBUG | version: 'Key @type not in version.'
1741695630.326373:   hermes.model.path:     DEBUG | description: 'Key @type not in description.'
1741695630.326689:   hermes.model.path:     DEBUG | author: 'Key @type not in author.'
1741695630.326864:   hermes.model.path:     DEBUG | author[0]: 'Key @type not in author[0].'
1741695630.326901:   hermes.model.path:     DEBUG | author: 'Key @type not in author.'
1741695630.327099:   hermes.model.path:     DEBUG | author[0].name: 'Key @type not in author[0].name.'
1741695630.327142:   hermes.model.path:     DEBUG | author[0]: 'Key @type not in author[0].'
1741695630.327173:   hermes.model.path:     DEBUG | author: 'Key @type not in author.'
1741695630.327480:   hermes.model.path:     DEBUG | author[0].email: 'Key @type not in author[0].email.'
1741695630.327517:   hermes.model.path:     DEBUG | author[0]: 'Key @type not in author[0].'
1741695630.327547:   hermes.model.path:     DEBUG | author: 'Key @type not in author.'
1741695630.327847:   hermes.model.path:     DEBUG | author[0].@type: 'Key @type not in author[0].@type.'
1741695630.327883:   hermes.model.path:     DEBUG | author[0]: 'Key @type not in author[0].'
1741695630.327913:   hermes.model.path:     DEBUG | author: 'Key @type not in author.'
1741695630.328225:   hermes.model.path:     DEBUG | author[1]: 'Key @type not in author[1].'
1741695630.328264:   hermes.model.path:     DEBUG | author: 'Key @type not in author.'
1741695630.328438:   hermes.model.path:     DEBUG | author[1].name: 'Key @type not in author[1].name.'
1741695630.328474:   hermes.model.path:     DEBUG | author[1]: 'Key @type not in author[1].'
1741695630.328502:   hermes.model.path:     DEBUG | author: 'Key @type not in author.'
1741695630.328966:   hermes.model.path:     DEBUG | author[1].email: 'Key @type not in author[1].email.'
1741695630.329026:   hermes.model.path:     DEBUG | author[1]: 'Key @type not in author[1].'
1741695630.329058:   hermes.model.path:     DEBUG | author: 'Key @type not in author.'
1741695630.329344:   hermes.model.path:     DEBUG | author[1].@type: 'Key @type not in author[1].@type.'
1741695630.329380:   hermes.model.path:     DEBUG | author[1]: 'Key @type not in author[1].'
1741695630.329410:   hermes.model.path:     DEBUG | author: 'Key @type not in author.'
1741695630.329687:   hermes.model.path:     DEBUG | author[2]: 'Key @type not in author[2].'
1741695630.329721:   hermes.model.path:     DEBUG | author: 'Key @type not in author.'
1741695630.329891:   hermes.model.path:     DEBUG | author[2].name: 'Key @type not in author[2].name.'
1741695630.329927:   hermes.model.path:     DEBUG | author[2]: 'Key @type not in author[2].'
1741695630.329954:   hermes.model.path:     DEBUG | author: 'Key @type not in author.'
1741695630.330251:   hermes.model.path:     DEBUG | author[2].email: 'Key @type not in author[2].email.'
1741695630.330302:   hermes.model.path:     DEBUG | author[2]: 'Key @type not in author[2].'
1741695630.330341:   hermes.model.path:     DEBUG | author: 'Key @type not in author.'
1741695630.330624:   hermes.model.path:     DEBUG | author[2].@type: 'Key @type not in author[2].@type.'
1741695630.330661:   hermes.model.path:     DEBUG | author[2]: 'Key @type not in author[2].'
1741695630.330689:   hermes.model.path:     DEBUG | author: 'Key @type not in author.'
1741695630.330986:   hermes.model.path:     DEBUG | author[3]: 'Key @type not in author[3].'
1741695630.331026:   hermes.model.path:     DEBUG | author: 'Key @type not in author.'
1741695630.331192:   hermes.model.path:     DEBUG | author[3].name: 'Key @type not in author[3].name.'
1741695630.331227:   hermes.model.path:     DEBUG | author[3]: 'Key @type not in author[3].'
1741695630.331255:   hermes.model.path:     DEBUG | author: 'Key @type not in author.'
1741695630.331547:   hermes.model.path:     DEBUG | author[3].email: 'Key @type not in author[3].email.'
1741695630.331584:   hermes.model.path:     DEBUG | author[3]: 'Key @type not in author[3].'
1741695630.331612:   hermes.model.path:     DEBUG | author: 'Key @type not in author.'
1741695630.331903:   hermes.model.path:     DEBUG | author[3].@type: 'Key @type not in author[3].@type.'
1741695630.331939:   hermes.model.path:     DEBUG | author[3]: 'Key @type not in author[3].'
1741695630.331968:   hermes.model.path:     DEBUG | author: 'Key @type not in author.'
1741695630.332279:   hermes.model.path:     DEBUG | author[4]: 'Key @type not in author[4].'
1741695630.332314:   hermes.model.path:     DEBUG | author: 'Key @type not in author.'
1741695630.332485:   hermes.model.path:     DEBUG | author[4].name: 'Key @type not in author[4].name.'
1741695630.332520:   hermes.model.path:     DEBUG | author[4]: 'Key @type not in author[4].'
1741695630.332548:   hermes.model.path:     DEBUG | author: 'Key @type not in author.'
1741695630.332839:   hermes.model.path:     DEBUG | author[4].email: 'Key @type not in author[4].email.'
1741695630.332877:   hermes.model.path:     DEBUG | author[4]: 'Key @type not in author[4].'
1741695630.332906:   hermes.model.path:     DEBUG | author: 'Key @type not in author.'
1741695630.333332:   hermes.model.path:     DEBUG | author[4].@type: 'Key @type not in author[4].@type.'
1741695630.333374:   hermes.model.path:     DEBUG | author[4]: 'Key @type not in author[4].'
1741695630.333404:   hermes.model.path:     DEBUG | author: 'Key @type not in author.'
1741695630.333685:   hermes.model.path:     DEBUG | author[5]: 'Key @type not in author[5].'
1741695630.333719:   hermes.model.path:     DEBUG | author: 'Key @type not in author.'
1741695630.333881:   hermes.model.path:     DEBUG | author[5].name: 'Key @type not in author[5].name.'
1741695630.333917:   hermes.model.path:     DEBUG | author[5]: 'Key @type not in author[5].'
1741695630.333947:   hermes.model.path:     DEBUG | author: 'Key @type not in author.'
1741695630.334246:   hermes.model.path:     DEBUG | author[5].email: 'Key @type not in author[5].email.'
1741695630.334287:   hermes.model.path:     DEBUG | author[5]: 'Key @type not in author[5].'
1741695630.334317:   hermes.model.path:     DEBUG | author: 'Key @type not in author.'
1741695630.334590:   hermes.model.path:     DEBUG | author[5].@type: 'Key @type not in author[5].@type.'
1741695630.334626:   hermes.model.path:     DEBUG | author[5]: 'Key @type not in author[5].'
1741695630.334656:   hermes.model.path:     DEBUG | author: 'Key @type not in author.'
1741695630.334875:   hermes.model.path:     DEBUG | url: 'Key @type not in url.'
1741695630.335067:   hermes.model.path:     DEBUG | codeRepository: 'Key @type not in codeRepository.'
1741695630.335272:   hermes.model.path:     DEBUG | keywords: 'Key @type not in keywords.'
1741695630.335412:   hermes.model.path:     DEBUG | keywords[0]: 'Key @type not in keywords[0].'
1741695630.335444:   hermes.model.path:     DEBUG | keywords: 'Key @type not in keywords.'
1741695630.335671:   hermes.model.path:     DEBUG | keywords[1]: 'Key @type not in keywords[1].'
1741695630.335711:   hermes.model.path:     DEBUG | keywords: 'Key @type not in keywords.'
1741695630.335941:   hermes.model.path:     DEBUG | keywords[2]: 'Key @type not in keywords[2].'
1741695630.335988:   hermes.model.path:     DEBUG | keywords: 'Key @type not in keywords.'
1741695630.336161:      hermes.process:      INFO | ## Process data from cff
1741695630.336498:   hermes.model.path:     DEBUG | @context: 'Key @type not in @context.'
1741695630.336695:   hermes.model.path:     DEBUG | @type: 'Key @type not in @type.'
1741695630.336940:   hermes.model.path:     DEBUG | Using type SoftwareSourceCode from author[0].@type.
1741695630.337384:   hermes.model.path:     DEBUG | Using type SoftwareSourceCode from author[0].familyName.
1741695630.337677:   hermes.model.path:     DEBUG | Using type SoftwareSourceCode from author[0].givenName.
1741695630.337958:   hermes.model.path:     DEBUG | Using type SoftwareSourceCode from author[0].email.
1741695630.338213:   hermes.model.path:     DEBUG | Using type SoftwareSourceCode from description.
1741695630.338419:   hermes.model.path:     DEBUG | Using type SoftwareSourceCode from keywords[0].
1741695630.338625:   hermes.model.path:     DEBUG | Using type SoftwareSourceCode from license.
1741695630.338798:   hermes.model.path:     DEBUG | Using type SoftwareSourceCode from name.
1741695630.339342:   hermes.model.path:     DEBUG | Using type SoftwareSourceCode from @context.
1741695630.339514:   hermes.model.path:     DEBUG | Using type SoftwareSourceCode from @type.
1741695630.813550:          hermes.cli:     DEBUG | Running hermes with the following command line arguments: Namespace(subcommand='curate', path=PosixPath('.'), config=PosixPath('hermes.toml'), options=[], command=<hermes.commands.curate.base.HermesCurateCommand object at 0x7f10ff4986d0>)
1741695630.813717:          hermes.cli:     DEBUG | Loading settings...
1741695630.814710:          hermes.cli:     DEBUG | Update settings from command line...
1741695630.814757:          hermes.cli:      INFO | Run subcommand curate
1741695630.814844:       hermes.curate:      INFO | # Metadata curation
